# JRE version: Java(TM) SE Runtime Environment (17.0+35) (build 17+35-LTS-2724)
# Java VM: Java HotSpot(TM) 64-Bit Server VM (17+35-LTS-2724, mixed mode, sharing, tiered, compressed oops, compressed class ptrs, g1 gc, windows-amd64)
GC Precious Log:
 CPUs: 4 total, 4 available
 Memory: 7987M
 Large Page Support: Disabled
 NUMA Support: Disabled
 Compressed Oops: Enabled (32-bit)
 Heap Region Size: 1M
 Heap Min Capacity: 8M
 Heap Initial Capacity: 126M
 Heap Max Capacity: 1998M
 Pre-touch: Disabled
 Parallel Workers: 4
 Concurrent Workers: 1
 Concurrent Refinement Workers: 4
 Periodic GC: Disabled
Heap:
 garbage-first heap   total 129024K, used 19767K [0x0000000083200000, 0x0000000100000000)
  region size 1024K, 8 young (8192K), 3 survivors (3072K)
 Metaspace       used 21282K, committed 21440K, reserved 1073152K
  class space    used 2390K, committed 2496K, reserved 1048576K
GC Heap History (8 events):
Event: 1.978 GC heap before
{Heap before GC invocations=0 (full 0):
 garbage-first heap   total 129024K, used 13312K [0x0000000083200000, 0x0000000100000000)
  region size 1024K, 13 young (13312K), 0 survivors (0K)
 Metaspace       used 11934K, committed 12160K, reserved 1064960K
  class space    used 1436K, committed 1536K, reserved 1048576K
}
Event: 1.989 GC heap after
{Heap after GC invocations=1 (full 0):
 garbage-first heap   total 129024K, used 4553K [0x0000000083200000, 0x0000000100000000)
  region size 1024K, 2 young (2048K), 2 survivors (2048K)
 Metaspace       used 11934K, committed 12160K, reserved 1064960K
  class space    used 1436K, committed 1536K, reserved 1048576K
}
Event: 2.304 GC heap before
{Heap before GC invocations=1 (full 0):
 garbage-first heap   total 129024K, used 8649K [0x0000000083200000, 0x0000000100000000)
  region size 1024K, 6 young (6144K), 2 survivors (2048K)
 Metaspace       used 13815K, committed 14016K, reserved 1064960K
  class space    used 1647K, committed 1728K, reserved 1048576K
}
Event: 2.311 GC heap after
{Heap after GC invocations=2 (full 0):
 garbage-first heap   total 129024K, used 5817K [0x0000000083200000, 0x0000000100000000)
  region size 1024K, 1 young (1024K), 1 survivors (1024K)
 Metaspace       used 13815K, committed 14016K, reserved 1064960K
  class space    used 1647K, committed 1728K, reserved 1048576K
}
Event: 13.191 GC heap before
{Heap before GC invocations=2 (full 0):
 garbage-first heap   total 129024K, used 53945K [0x0000000083200000, 0x0000000100000000)
  region size 1024K, 24 young (24576K), 1 survivors (1024K)
 Metaspace       used 20991K, committed 21184K, reserved 1073152K
  class space    used 2390K, committed 2496K, reserved 1048576K
}
Event: 13.196 GC heap after
{Heap after GC invocations=3 (full 0):
 garbage-first heap   total 129024K, used 32875K [0x0000000083200000, 0x0000000100000000)
  region size 1024K, 3 young (3072K), 3 survivors (3072K)
 Metaspace       used 20991K, committed 21184K, reserved 1073152K
  class space    used 2390K, committed 2496K, reserved 1048576K
}
Event: 233.732 GC heap before
{Heap before GC invocations=3 (full 0):
 garbage-first heap   total 129024K, used 73835K [0x0000000083200000, 0x0000000100000000)
  region size 1024K, 43 young (44032K), 3 survivors (3072K)
 Metaspace       used 21262K, committed 21440K, reserved 1073152K
  class space    used 2390K, committed 2496K, reserved 1048576K
}
Event: 233.738 GC heap after
{Heap after GC invocations=4 (full 0):
 garbage-first heap   total 129024K, used 15671K [0x0000000083200000, 0x0000000100000000)
  region size 1024K, 3 young (3072K), 3 survivors (3072K)
 Metaspace       used 21262K, committed 21440K, reserved 1073152K
  class space    used 2390K, committed 2496K, reserved 1048576K
}

