# JRE version: Java(TM) SE Runtime Environment (17.0+35) (build 17+35-LTS-2724)
# Java VM: Java HotSpot(TM) 64-Bit Server VM (17+35-LTS-2724, mixed mode, sharing, tiered, compressed oops, compressed class ptrs, g1 gc, windows-amd64)
GC Precious Log:
 CPUs: 4 total, 4 available
 Memory: 7987M
 Large Page Support: Disabled
 NUMA Support: Disabled
 Compressed Oops: Enabled (32-bit)
 Heap Region Size: 1M
 Heap Min Capacity: 8M
 Heap Initial Capacity: 126M
 Heap Max Capacity: 1998M
 Pre-touch: Disabled
 Parallel Workers: 4
 Concurrent Workers: 1
 Concurrent Refinement Workers: 4
 Periodic GC: Disabled
Heap:
 garbage-first heap   total 68608K, used 35453K [0x0000000083200000, 0x0000000100000000)
  region size 1024K, 11 young (11264K), 2 survivors (2048K)
 Metaspace       used 26216K, committed 26432K, reserved 1073152K
  class space    used 2786K, committed 2880K, reserved 1048576K
GC Heap History (20 events):
Event: 6981.151 GC heap before
{Heap before GC invocations=47 (full 0):
 garbage-first heap   total 68608K, used 60587K [0x0000000083200000, 0x0000000100000000)
  region size 1024K, 33 young (33792K), 4 survivors (4096K)
 Metaspace       used 25737K, committed 25984K, reserved 1073152K
  class space    used 2751K, committed 2880K, reserved 1048576K
}
Event: 6981.157 GC heap after
{Heap after GC invocations=48 (full 0):
 garbage-first heap   total 68608K, used 30382K [0x0000000083200000, 0x0000000100000000)
  region size 1024K, 3 young (3072K), 3 survivors (3072K)
 Metaspace       used 25737K, committed 25984K, reserved 1073152K
  class space    used 2751K, committed 2880K, reserved 1048576K
}
Event: 7012.098 GC heap before
{Heap before GC invocations=48 (full 0):
 garbage-first heap   total 68608K, used 57006K [0x0000000083200000, 0x0000000100000000)
  region size 1024K, 29 young (29696K), 3 survivors (3072K)
 Metaspace       used 25749K, committed 25984K, reserved 1073152K
  class space    used 2751K, committed 2880K, reserved 1048576K
}
Event: 7012.101 GC heap after
{Heap after GC invocations=49 (full 0):
 garbage-first heap   total 68608K, used 26129K [0x0000000083200000, 0x0000000100000000)
  region size 1024K, 2 young (2048K), 2 survivors (2048K)
 Metaspace       used 25749K, committed 25984K, reserved 1073152K
  class space    used 2751K, committed 2880K, reserved 1048576K
}
Event: 7135.980 GC heap before
{Heap before GC invocations=49 (full 0):
 garbage-first heap   total 68608K, used 57873K [0x0000000083200000, 0x0000000100000000)
  region size 1024K, 33 young (33792K), 2 survivors (2048K)
 Metaspace       used 25760K, committed 25984K, reserved 1073152K
  class space    used 2751K, committed 2880K, reserved 1048576K
}
Event: 7135.983 GC heap after
{Heap after GC invocations=50 (full 0):
 garbage-first heap   total 68608K, used 26224K [0x0000000083200000, 0x0000000100000000)
  region size 1024K, 3 young (3072K), 3 survivors (3072K)
 Metaspace       used 25760K, committed 25984K, reserved 1073152K
  class space    used 2751K, committed 2880K, reserved 1048576K
}
Event: 7232.933 GC heap before
{Heap before GC invocations=50 (full 0):
 garbage-first heap   total 68608K, used 61040K [0x0000000083200000, 0x0000000100000000)
  region size 1024K, 33 young (33792K), 3 survivors (3072K)
 Metaspace       used 26038K, committed 26240K, reserved 1073152K
  class space    used 2786K, committed 2880K, reserved 1048576K
}
Event: 7232.938 GC heap after
{Heap after GC invocations=51 (full 0):
 garbage-first heap   total 68608K, used 31171K [0x0000000083200000, 0x0000000100000000)
  region size 1024K, 3 young (3072K), 3 survivors (3072K)
 Metaspace       used 26038K, committed 26240K, reserved 1073152K
  class space    used 2786K, committed 2880K, reserved 1048576K
}
Event: 7292.265 GC heap before
{Heap before GC invocations=51 (full 0):
 garbage-first heap   total 68608K, used 57795K [0x0000000083200000, 0x0000000100000000)
  region size 1024K, 29 young (29696K), 3 survivors (3072K)
 Metaspace       used 26121K, committed 26304K, reserved 1073152K
  class space    used 2786K, committed 2880K, reserved 1048576K
}
Event: 7292.270 GC heap after
{Heap after GC invocations=52 (full 0):
 garbage-first heap   total 68608K, used 27477K [0x0000000083200000, 0x0000000100000000)
  region size 1024K, 2 young (2048K), 2 survivors (2048K)
 Metaspace       used 26121K, committed 26304K, reserved 1073152K
  class space    used 2786K, committed 2880K, reserved 1048576K
}
Event: 8780.091 GC heap before
{Heap before GC invocations=52 (full 0):
 garbage-first heap   total 68608K, used 58197K [0x0000000083200000, 0x0000000100000000)
  region size 1024K, 32 young (32768K), 2 survivors (2048K)
 Metaspace       used 26147K, committed 26368K, reserved 1073152K
  class space    used 2786K, committed 2880K, reserved 1048576K
}
Event: 8780.094 GC heap after
{Heap after GC invocations=53 (full 0):
 garbage-first heap   total 68608K, used 27430K [0x0000000083200000, 0x0000000100000000)
  region size 1024K, 2 young (2048K), 2 survivors (2048K)
 Metaspace       used 26147K, committed 26368K, reserved 1073152K
  class space    used 2786K, committed 2880K, reserved 1048576K
}
Event: 8835.181 GC heap before
{Heap before GC invocations=53 (full 0):
 garbage-first heap   total 68608K, used 58150K [0x0000000083200000, 0x0000000100000000)
  region size 1024K, 32 young (32768K), 2 survivors (2048K)
 Metaspace       used 26212K, committed 26432K, reserved 1073152K
  class space    used 2786K, committed 2880K, reserved 1048576K
}
Event: 8835.184 GC heap after
{Heap after GC invocations=54 (full 0):
 garbage-first heap   total 68608K, used 27483K [0x0000000083200000, 0x0000000100000000)
  region size 1024K, 2 young (2048K), 2 survivors (2048K)
 Metaspace       used 26212K, committed 26432K, reserved 1073152K
  class space    used 2786K, committed 2880K, reserved 1048576K
}
Event: 9006.634 GC heap before
{Heap before GC invocations=54 (full 0):
 garbage-first heap   total 68608K, used 58203K [0x0000000083200000, 0x0000000100000000)
  region size 1024K, 32 young (32768K), 2 survivors (2048K)
 Metaspace       used 26212K, committed 26432K, reserved 1073152K
  class space    used 2786K, committed 2880K, reserved 1048576K
}
Event: 9006.638 GC heap after
{Heap after GC invocations=55 (full 0):
 garbage-first heap   total 68608K, used 27568K [0x0000000083200000, 0x0000000100000000)
  region size 1024K, 3 young (3072K), 3 survivors (3072K)
 Metaspace       used 26212K, committed 26432K, reserved 1073152K
  class space    used 2786K, committed 2880K, reserved 1048576K
}
Event: 9171.521 GC heap before
{Heap before GC invocations=55 (full 0):
 garbage-first heap   total 68608K, used 57264K [0x0000000083200000, 0x0000000100000000)
  region size 1024K, 32 young (32768K), 3 survivors (3072K)
 Metaspace       used 26215K, committed 26432K, reserved 1073152K
  class space    used 2786K, committed 2880K, reserved 1048576K
}
Event: 9171.525 GC heap after
{Heap after GC invocations=56 (full 0):
 garbage-first heap   total 68608K, used 27383K [0x0000000083200000, 0x0000000100000000)
  region size 1024K, 2 young (2048K), 2 survivors (2048K)
 Metaspace       used 26215K, committed 26432K, reserved 1073152K
  class space    used 2786K, committed 2880K, reserved 1048576K
}
Event: 9347.648 GC heap before
{Heap before GC invocations=56 (full 0):
 garbage-first heap   total 68608K, used 59127K [0x0000000083200000, 0x0000000100000000)
  region size 1024K, 33 young (33792K), 2 survivors (2048K)
 Metaspace       used 26215K, committed 26432K, reserved 1073152K
  class space    used 2786K, committed 2880K, reserved 1048576K
}
Event: 9347.651 GC heap after
{Heap after GC invocations=57 (full 0):
 garbage-first heap   total 68608K, used 27261K [0x0000000083200000, 0x0000000100000000)
  region size 1024K, 2 young (2048K), 2 survivors (2048K)
 Metaspace       used 26215K, committed 26432K, reserved 1073152K
  class space    used 2786K, committed 2880K, reserved 1048576K
}

