# JRE version: Java(TM) SE Runtime Environment (17.0+35) (build 17+35-LTS-2724)
# Java VM: Java HotSpot(TM) 64-Bit Server VM (17+35-LTS-2724, mixed mode, sharing, tiered, compressed oops, compressed class ptrs, g1 gc, windows-amd64)
GC Precious Log:
 CPUs: 4 total, 4 available
 Memory: 7987M
 Large Page Support: Disabled
 NUMA Support: Disabled
 Compressed Oops: Enabled (32-bit)
 Heap Region Size: 1M
 Heap Min Capacity: 8M
 Heap Initial Capacity: 126M
 Heap Max Capacity: 1998M
 Pre-touch: Disabled
 Parallel Workers: 4
 Concurrent Workers: 1
 Concurrent Refinement Workers: 4
 Periodic GC: Disabled
Heap:
 garbage-first heap   total 129024K, used 55126K [0x0000000083200000, 0x0000000100000000)
  region size 1024K, 43 young (44032K), 3 survivors (3072K)
 Metaspace       used 21258K, committed 21440K, reserved 1073152K
  class space    used 2391K, committed 2496K, reserved 1048576K
GC Heap History (6 events):
Event: 1.775 GC heap before
{Heap before GC invocations=0 (full 0):
 garbage-first heap   total 129024K, used 13312K [0x0000000083200000, 0x0000000100000000)
  region size 1024K, 13 young (13312K), 0 survivors (0K)
 Metaspace       used 11937K, committed 12160K, reserved 1064960K
  class space    used 1435K, committed 1536K, reserved 1048576K
}
Event: 1.786 GC heap after
{Heap after GC invocations=1 (full 0):
 garbage-first heap   total 129024K, used 4328K [0x0000000083200000, 0x0000000100000000)
  region size 1024K, 2 young (2048K), 2 survivors (2048K)
 Metaspace       used 11937K, committed 12160K, reserved 1064960K
  class space    used 1435K, committed 1536K, reserved 1048576K
}
Event: 2.166 GC heap before
{Heap before GC invocations=1 (full 0):
 garbage-first heap   total 129024K, used 9448K [0x0000000083200000, 0x0000000100000000)
  region size 1024K, 7 young (7168K), 2 survivors (2048K)
 Metaspace       used 14382K, committed 14592K, reserved 1064960K
  class space    used 1707K, committed 1792K, reserved 1048576K
}
Event: 2.180 GC heap after
{Heap after GC invocations=2 (full 0):
 garbage-first heap   total 129024K, used 5687K [0x0000000083200000, 0x0000000100000000)
  region size 1024K, 1 young (1024K), 1 survivors (1024K)
 Metaspace       used 14382K, committed 14592K, reserved 1064960K
  class space    used 1707K, committed 1792K, reserved 1048576K
}
Event: 35.575 GC heap before
{Heap before GC invocations=2 (full 0):
 garbage-first heap   total 129024K, used 36407K [0x0000000083200000, 0x0000000100000000)
  region size 1024K, 23 young (23552K), 1 survivors (1024K)
 Metaspace       used 20936K, committed 21120K, reserved 1073152K
  class space    used 2391K, committed 2496K, reserved 1048576K
}
Event: 35.589 GC heap after
{Heap after GC invocations=3 (full 0):
 garbage-first heap   total 129024K, used 15190K [0x0000000083200000, 0x0000000100000000)
  region size 1024K, 3 young (3072K), 3 survivors (3072K)
 Metaspace       used 20936K, committed 21120K, reserved 1073152K
  class space    used 2391K, committed 2496K, reserved 1048576K
}

