# JRE version: Java(TM) SE Runtime Environment (17.0+35) (build 17+35-LTS-2724)
# Java VM: Java HotSpot(TM) 64-Bit Server VM (17+35-LTS-2724, mixed mode, sharing, tiered, compressed oops, compressed class ptrs, g1 gc, windows-amd64)
GC Precious Log:
 CPUs: 4 total, 4 available
 Memory: 7987M
 Large Page Support: Disabled
 NUMA Support: Disabled
 Compressed Oops: Enabled (32-bit)
 Heap Region Size: 1M
 Heap Min Capacity: 8M
 Heap Initial Capacity: 126M
 Heap Max Capacity: 1998M
 Pre-touch: Disabled
 Parallel Workers: 4
 Concurrent Workers: 1
 Concurrent Refinement Workers: 4
 Periodic GC: Disabled
Heap:
 garbage-first heap   total 129024K, used 63034K [0x0000000083200000, 0x0000000100000000)
  region size 1024K, 54 young (55296K), 3 survivors (3072K)
 Metaspace       used 21038K, committed 21248K, reserved 1073152K
  class space    used 2328K, committed 2432K, reserved 1048576K
GC Heap History (12 events):
Event: 2.070 GC heap before
{Heap before GC invocations=0 (full 0):
 garbage-first heap   total 129024K, used 12288K [0x0000000083200000, 0x0000000100000000)
  region size 1024K, 13 young (13312K), 0 survivors (0K)
 Metaspace       used 11521K, committed 11712K, reserved 1064960K
  class space    used 1369K, committed 1472K, reserved 1048576K
}
Event: 2.089 GC heap after
{Heap after GC invocations=1 (full 0):
 garbage-first heap   total 129024K, used 4749K [0x0000000083200000, 0x0000000100000000)
  region size 1024K, 2 young (2048K), 2 survivors (2048K)
 Metaspace       used 11521K, committed 11712K, reserved 1064960K
  class space    used 1369K, committed 1472K, reserved 1048576K
}
Event: 2.507 GC heap before
{Heap before GC invocations=1 (full 0):
 garbage-first heap   total 129024K, used 8845K [0x0000000083200000, 0x0000000100000000)
  region size 1024K, 7 young (7168K), 2 survivors (2048K)
 Metaspace       used 13741K, committed 13952K, reserved 1064960K
  class space    used 1623K, committed 1728K, reserved 1048576K
}
Event: 2.514 GC heap after
{Heap after GC invocations=2 (full 0):
 garbage-first heap   total 129024K, used 6002K [0x0000000083200000, 0x0000000100000000)
  region size 1024K, 1 young (1024K), 1 survivors (1024K)
 Metaspace       used 13741K, committed 13952K, reserved 1064960K
  class space    used 1623K, committed 1728K, reserved 1048576K
}
Event: 5.452 GC heap before
{Heap before GC invocations=2 (full 0):
 garbage-first heap   total 129024K, used 31602K [0x0000000083200000, 0x0000000100000000)
  region size 1024K, 23 young (23552K), 1 survivors (1024K)
 Metaspace       used 19905K, committed 20032K, reserved 1073152K
  class space    used 2311K, committed 2368K, reserved 1048576K
}
Event: 5.468 GC heap after
{Heap after GC invocations=3 (full 0):
 garbage-first heap   total 129024K, used 11518K [0x0000000083200000, 0x0000000100000000)
  region size 1024K, 3 young (3072K), 3 survivors (3072K)
 Metaspace       used 19905K, committed 20032K, reserved 1073152K
  class space    used 2311K, committed 2368K, reserved 1048576K
}
Event: 25.744 GC heap before
{Heap before GC invocations=3 (full 0):
 garbage-first heap   total 129024K, used 49406K [0x0000000083200000, 0x0000000100000000)
  region size 1024K, 40 young (40960K), 3 survivors (3072K)
 Metaspace       used 20608K, committed 20800K, reserved 1073152K
  class space    used 2327K, committed 2432K, reserved 1048576K
}
Event: 25.758 GC heap after
{Heap after GC invocations=4 (full 0):
 garbage-first heap   total 129024K, used 11762K [0x0000000083200000, 0x0000000100000000)
  region size 1024K, 3 young (3072K), 3 survivors (3072K)
 Metaspace       used 20608K, committed 20800K, reserved 1073152K
  class space    used 2327K, committed 2432K, reserved 1048576K
}
Event: 36.984 GC heap before
{Heap before GC invocations=4 (full 0):
 garbage-first heap   total 129024K, used 85490K [0x0000000083200000, 0x0000000100000000)
  region size 1024K, 75 young (76800K), 3 survivors (3072K)
 Metaspace       used 20694K, committed 20864K, reserved 1073152K
  class space    used 2327K, committed 2432K, reserved 1048576K
}
Event: 36.998 GC heap after
{Heap after GC invocations=5 (full 0):
 garbage-first heap   total 129024K, used 11701K [0x0000000083200000, 0x0000000100000000)
  region size 1024K, 3 young (3072K), 3 survivors (3072K)
 Metaspace       used 20694K, committed 20864K, reserved 1073152K
  class space    used 2327K, committed 2432K, reserved 1048576K
}
Event: 90.186 GC heap before
{Heap before GC invocations=5 (full 0):
 garbage-first heap   total 129024K, used 85429K [0x0000000083200000, 0x0000000100000000)
  region size 1024K, 75 young (76800K), 3 survivors (3072K)
 Metaspace       used 20906K, committed 21120K, reserved 1073152K
  class space    used 2327K, committed 2432K, reserved 1048576K
}
Event: 90.190 GC heap after
{Heap after GC invocations=6 (full 0):
 garbage-first heap   total 129024K, used 11834K [0x0000000083200000, 0x0000000100000000)
  region size 1024K, 3 young (3072K), 3 survivors (3072K)
 Metaspace       used 20906K, committed 21120K, reserved 1073152K
  class space    used 2327K, committed 2432K, reserved 1048576K
}

