# JRE version: Java(TM) SE Runtime Environment (17.0+35) (build 17+35-LTS-2724)
# Java VM: Java HotSpot(TM) 64-Bit Server VM (17+35-LTS-2724, mixed mode, sharing, tiered, compressed oops, compressed class ptrs, g1 gc, windows-amd64)
GC Precious Log:
 CPUs: 4 total, 4 available
 Memory: 7987M
 Large Page Support: Disabled
 NUMA Support: Disabled
 Compressed Oops: Enabled (32-bit)
 Heap Region Size: 1M
 Heap Min Capacity: 8M
 Heap Initial Capacity: 126M
 Heap Max Capacity: 1998M
 Pre-touch: Disabled
 Parallel Workers: 4
 Concurrent Workers: 1
 Concurrent Refinement Workers: 4
 Periodic GC: Disabled
Heap:
 garbage-first heap   total 45056K, used 31516K [0x0000000083200000, 0x0000000100000000)
  region size 1024K, 10 young (10240K), 1 survivors (1024K)
 Metaspace       used 25587K, committed 25856K, reserved 1073152K
  class space    used 2781K, committed 2944K, reserved 1048576K
GC Heap History (18 events):
Event: 2.185 GC heap before
{Heap before GC invocations=0 (full 0):
 garbage-first heap   total 129024K, used 13312K [0x0000000083200000, 0x0000000100000000)
  region size 1024K, 13 young (13312K), 0 survivors (0K)
 Metaspace       used 11810K, committed 11968K, reserved 1064960K
  class space    used 1416K, committed 1472K, reserved 1048576K
}
Event: 2.209 GC heap after
{Heap after GC invocations=1 (full 0):
 garbage-first heap   total 129024K, used 4520K [0x0000000083200000, 0x0000000100000000)
  region size 1024K, 2 young (2048K), 2 survivors (2048K)
 Metaspace       used 11810K, committed 11968K, reserved 1064960K
  class space    used 1416K, committed 1472K, reserved 1048576K
}
Event: 2.844 GC heap before
{Heap before GC invocations=1 (full 0):
 garbage-first heap   total 129024K, used 10664K [0x0000000083200000, 0x0000000100000000)
  region size 1024K, 8 young (8192K), 2 survivors (2048K)
 Metaspace       used 14867K, committed 15040K, reserved 1064960K
  class space    used 1764K, committed 1856K, reserved 1048576K
}
Event: 2.853 GC heap after
{Heap after GC invocations=2 (full 0):
 garbage-first heap   total 129024K, used 6015K [0x0000000083200000, 0x0000000100000000)
  region size 1024K, 1 young (1024K), 1 survivors (1024K)
 Metaspace       used 14867K, committed 15040K, reserved 1064960K
  class space    used 1764K, committed 1856K, reserved 1048576K
}
Event: 61.308 GC heap before
{Heap before GC invocations=2 (full 0):
 garbage-first heap   total 129024K, used 38783K [0x0000000083200000, 0x0000000100000000)
  region size 1024K, 25 young (25600K), 1 survivors (1024K)
 Metaspace       used 20909K, committed 21056K, reserved 1073152K
  class space    used 2371K, committed 2432K, reserved 1048576K
}
Event: 61.314 GC heap after
{Heap after GC invocations=3 (full 0):
 garbage-first heap   total 129024K, used 15399K [0x0000000083200000, 0x0000000100000000)
  region size 1024K, 3 young (3072K), 3 survivors (3072K)
 Metaspace       used 20909K, committed 21056K, reserved 1073152K
  class space    used 2371K, committed 2432K, reserved 1048576K
}
Event: 138.206 GC heap before
{Heap before GC invocations=3 (full 0):
 garbage-first heap   total 129024K, used 40999K [0x0000000083200000, 0x0000000100000000)
  region size 1024K, 29 young (29696K), 3 survivors (3072K)
 Metaspace       used 21280K, committed 21504K, reserved 1073152K
  class space    used 2382K, committed 2496K, reserved 1048576K
}
Event: 138.211 GC heap after
{Heap after GC invocations=4 (full 0):
 garbage-first heap   total 129024K, used 11366K [0x0000000083200000, 0x0000000100000000)
  region size 1024K, 3 young (3072K), 3 survivors (3072K)
 Metaspace       used 21280K, committed 21504K, reserved 1073152K
  class space    used 2382K, committed 2496K, reserved 1048576K
}
Event: 157.295 GC heap before
{Heap before GC invocations=5 (full 0):
 garbage-first heap   total 45056K, used 35942K [0x0000000083200000, 0x0000000100000000)
  region size 1024K, 28 young (28672K), 3 survivors (3072K)
 Metaspace       used 23786K, committed 24000K, reserved 1073152K
  class space    used 2605K, committed 2688K, reserved 1048576K
}
Event: 157.302 GC heap after
{Heap after GC invocations=6 (full 0):
 garbage-first heap   total 45056K, used 13072K [0x0000000083200000, 0x0000000100000000)
  region size 1024K, 4 young (4096K), 4 survivors (4096K)
 Metaspace       used 23786K, committed 24000K, reserved 1073152K
  class space    used 2605K, committed 2688K, reserved 1048576K
}
Event: 157.372 GC heap before
{Heap before GC invocations=6 (full 0):
 garbage-first heap   total 45056K, used 13072K [0x0000000083200000, 0x0000000100000000)
  region size 1024K, 5 young (5120K), 4 survivors (4096K)
 Metaspace       used 24097K, committed 24320K, reserved 1073152K
  class space    used 2635K, committed 2752K, reserved 1048576K
}
Event: 157.380 GC heap after
{Heap after GC invocations=7 (full 0):
 garbage-first heap   total 45056K, used 13475K [0x0000000083200000, 0x0000000100000000)
  region size 1024K, 1 young (1024K), 1 survivors (1024K)
 Metaspace       used 24097K, committed 24320K, reserved 1073152K
  class space    used 2635K, committed 2752K, reserved 1048576K
}
Event: 201.618 GC heap before
{Heap before GC invocations=7 (full 0):
 garbage-first heap   total 45056K, used 29859K [0x0000000083200000, 0x0000000100000000)
  region size 1024K, 18 young (18432K), 1 survivors (1024K)
 Metaspace       used 25114K, committed 25280K, reserved 1073152K
  class space    used 2731K, committed 2816K, reserved 1048576K
}
Event: 201.623 GC heap after
{Heap after GC invocations=8 (full 0):
 garbage-first heap   total 45056K, used 14721K [0x0000000083200000, 0x0000000100000000)
  region size 1024K, 2 young (2048K), 2 survivors (2048K)
 Metaspace       used 25114K, committed 25280K, reserved 1073152K
  class space    used 2731K, committed 2816K, reserved 1048576K
}
Event: 17905.534 GC heap before
{Heap before GC invocations=8 (full 0):
 garbage-first heap   total 45056K, used 36225K [0x0000000083200000, 0x0000000100000000)
  region size 1024K, 19 young (19456K), 2 survivors (2048K)
 Metaspace       used 25575K, committed 25856K, reserved 1073152K
  class space    used 2781K, committed 2944K, reserved 1048576K
}
Event: 17905.544 GC heap after
{Heap after GC invocations=9 (full 0):
 garbage-first heap   total 45056K, used 19492K [0x0000000083200000, 0x0000000100000000)
  region size 1024K, 1 young (1024K), 1 survivors (1024K)
 Metaspace       used 25575K, committed 25856K, reserved 1073152K
  class space    used 2781K, committed 2944K, reserved 1048576K
}
Event: 17907.237 GC heap before
{Heap before GC invocations=9 (full 0):
 garbage-first heap   total 45056K, used 19492K [0x0000000083200000, 0x0000000100000000)
  region size 1024K, 2 young (2048K), 1 survivors (1024K)
 Metaspace       used 25580K, committed 25856K, reserved 1073152K
  class space    used 2781K, committed 2944K, reserved 1048576K
}
Event: 17907.241 GC heap after
{Heap after GC invocations=10 (full 0):
 garbage-first heap   total 45056K, used 19228K [0x0000000083200000, 0x0000000100000000)
  region size 1024K, 1 young (1024K), 1 survivors (1024K)
 Metaspace       used 25580K, committed 25856K, reserved 1073152K
  class space    used 2781K, committed 2944K, reserved 1048576K
}

