# JRE version: Java(TM) SE Runtime Environment (17.0+35) (build 17+35-LTS-2724)
# Java VM: Java HotSpot(TM) 64-Bit Server VM (17+35-LTS-2724, mixed mode, sharing, tiered, compressed oops, compressed class ptrs, g1 gc, windows-amd64)
GC Precious Log:
 CPUs: 4 total, 4 available
 Memory: 7987M
 Large Page Support: Disabled
 NUMA Support: Disabled
 Compressed Oops: Enabled (32-bit)
 Heap Region Size: 1M
 Heap Min Capacity: 8M
 Heap Initial Capacity: 126M
 Heap Max Capacity: 1998M
 Pre-touch: Disabled
 Parallel Workers: 4
 Concurrent Workers: 1
 Concurrent Refinement Workers: 4
 Periodic GC: Disabled
Heap:
 garbage-first heap   total 73728K, used 59571K [0x0000000083200000, 0x0000000100000000)
  region size 1024K, 30 young (30720K), 1 survivors (1024K)
 Metaspace       used 25140K, committed 25344K, reserved 1073152K
  class space    used 2703K, committed 2816K, reserved 1048576K
GC Heap History (20 events):
Event: 81577.668 GC heap before
{Heap before GC invocations=17749 (full 0):
 garbage-first heap   total 73728K, used 62499K [0x0000000083200000, 0x0000000100000000)
  region size 1024K, 36 young (36864K), 1 survivors (1024K)
 Metaspace       used 25117K, committed 25344K, reserved 1073152K
  class space    used 2701K, committed 2816K, reserved 1048576K
}
Event: 81577.670 GC heap after
{Heap after GC invocations=17750 (full 0):
 garbage-first heap   total 73728K, used 26657K [0x0000000083200000, 0x0000000100000000)
  region size 1024K, 1 young (1024K), 1 survivors (1024K)
 Metaspace       used 25117K, committed 25344K, reserved 1073152K
  class space    used 2701K, committed 2816K, reserved 1048576K
}
Event: 81578.538 GC heap before
{Heap before GC invocations=17750 (full 0):
 garbage-first heap   total 73728K, used 62497K [0x0000000083200000, 0x0000000100000000)
  region size 1024K, 36 young (36864K), 1 survivors (1024K)
 Metaspace       used 25117K, committed 25344K, reserved 1073152K
  class space    used 2701K, committed 2816K, reserved 1048576K
}
Event: 81578.540 GC heap after
{Heap after GC invocations=17751 (full 0):
 garbage-first heap   total 73728K, used 26657K [0x0000000083200000, 0x0000000100000000)
  region size 1024K, 1 young (1024K), 1 survivors (1024K)
 Metaspace       used 25117K, committed 25344K, reserved 1073152K
  class space    used 2701K, committed 2816K, reserved 1048576K
}
Event: 81583.950 GC heap before
{Heap before GC invocations=17751 (full 0):
 garbage-first heap   total 73728K, used 62497K [0x0000000083200000, 0x0000000100000000)
  region size 1024K, 36 young (36864K), 1 survivors (1024K)
 Metaspace       used 25117K, committed 25344K, reserved 1073152K
  class space    used 2701K, committed 2816K, reserved 1048576K
}
Event: 81583.951 GC heap after
{Heap after GC invocations=17752 (full 0):
 garbage-first heap   total 73728K, used 26657K [0x0000000083200000, 0x0000000100000000)
  region size 1024K, 1 young (1024K), 1 survivors (1024K)
 Metaspace       used 25117K, committed 25344K, reserved 1073152K
  class space    used 2701K, committed 2816K, reserved 1048576K
}
Event: 81585.091 GC heap before
{Heap before GC invocations=17752 (full 0):
 garbage-first heap   total 73728K, used 62497K [0x0000000083200000, 0x0000000100000000)
  region size 1024K, 36 young (36864K), 1 survivors (1024K)
 Metaspace       used 25117K, committed 25344K, reserved 1073152K
  class space    used 2701K, committed 2816K, reserved 1048576K
}
Event: 81585.093 GC heap after
{Heap after GC invocations=17753 (full 0):
 garbage-first heap   total 73728K, used 26657K [0x0000000083200000, 0x0000000100000000)
  region size 1024K, 1 young (1024K), 1 survivors (1024K)
 Metaspace       used 25117K, committed 25344K, reserved 1073152K
  class space    used 2701K, committed 2816K, reserved 1048576K
}
Event: 81586.233 GC heap before
{Heap before GC invocations=17753 (full 0):
 garbage-first heap   total 73728K, used 62497K [0x0000000083200000, 0x0000000100000000)
  region size 1024K, 36 young (36864K), 1 survivors (1024K)
 Metaspace       used 25117K, committed 25344K, reserved 1073152K
  class space    used 2701K, committed 2816K, reserved 1048576K
}
Event: 81586.235 GC heap after
{Heap after GC invocations=17754 (full 0):
 garbage-first heap   total 73728K, used 26657K [0x0000000083200000, 0x0000000100000000)
  region size 1024K, 1 young (1024K), 1 survivors (1024K)
 Metaspace       used 25117K, committed 25344K, reserved 1073152K
  class space    used 2701K, committed 2816K, reserved 1048576K
}
Event: 81593.630 GC heap before
{Heap before GC invocations=17754 (full 0):
 garbage-first heap   total 73728K, used 66593K [0x0000000083200000, 0x0000000100000000)
  region size 1024K, 36 young (36864K), 1 survivors (1024K)
 Metaspace       used 25134K, committed 25344K, reserved 1073152K
  class space    used 2703K, committed 2816K, reserved 1048576K
}
Event: 81593.638 GC heap after
{Heap after GC invocations=17755 (full 0):
 garbage-first heap   total 73728K, used 30922K [0x0000000083200000, 0x0000000100000000)
  region size 1024K, 1 young (1024K), 1 survivors (1024K)
 Metaspace       used 25134K, committed 25344K, reserved 1073152K
  class space    used 2703K, committed 2816K, reserved 1048576K
}
Event: 81596.601 GC heap before
{Heap before GC invocations=17755 (full 0):
 garbage-first heap   total 73728K, used 62666K [0x0000000083200000, 0x0000000100000000)
  region size 1024K, 32 young (32768K), 1 survivors (1024K)
 Metaspace       used 25135K, committed 25344K, reserved 1073152K
  class space    used 2703K, committed 2816K, reserved 1048576K
}
Event: 81596.604 GC heap after
{Heap after GC invocations=17756 (full 0):
 garbage-first heap   total 73728K, used 30918K [0x0000000083200000, 0x0000000100000000)
  region size 1024K, 1 young (1024K), 1 survivors (1024K)
 Metaspace       used 25135K, committed 25344K, reserved 1073152K
  class space    used 2703K, committed 2816K, reserved 1048576K
}
Event: 81608.142 GC heap before
{Heap before GC invocations=17756 (full 0):
 garbage-first heap   total 73728K, used 62662K [0x0000000083200000, 0x0000000100000000)
  region size 1024K, 32 young (32768K), 1 survivors (1024K)
 Metaspace       used 25136K, committed 25344K, reserved 1073152K
  class space    used 2703K, committed 2816K, reserved 1048576K
}
Event: 81608.146 GC heap after
{Heap after GC invocations=17757 (full 0):
 garbage-first heap   total 73728K, used 30913K [0x0000000083200000, 0x0000000100000000)
  region size 1024K, 1 young (1024K), 1 survivors (1024K)
 Metaspace       used 25136K, committed 25344K, reserved 1073152K
  class space    used 2703K, committed 2816K, reserved 1048576K
}
Event: 81608.940 GC heap before
{Heap before GC invocations=17757 (full 0):
 garbage-first heap   total 73728K, used 62657K [0x0000000083200000, 0x0000000100000000)
  region size 1024K, 32 young (32768K), 1 survivors (1024K)
 Metaspace       used 25136K, committed 25344K, reserved 1073152K
  class space    used 2703K, committed 2816K, reserved 1048576K
}
Event: 81608.943 GC heap after
{Heap after GC invocations=17758 (full 0):
 garbage-first heap   total 73728K, used 30903K [0x0000000083200000, 0x0000000100000000)
  region size 1024K, 1 young (1024K), 1 survivors (1024K)
 Metaspace       used 25136K, committed 25344K, reserved 1073152K
  class space    used 2703K, committed 2816K, reserved 1048576K
}
Event: 81609.803 GC heap before
{Heap before GC invocations=17758 (full 0):
 garbage-first heap   total 73728K, used 62647K [0x0000000083200000, 0x0000000100000000)
  region size 1024K, 32 young (32768K), 1 survivors (1024K)
 Metaspace       used 25136K, committed 25344K, reserved 1073152K
  class space    used 2703K, committed 2816K, reserved 1048576K
}
Event: 81609.806 GC heap after
{Heap after GC invocations=17759 (full 0):
 garbage-first heap   total 73728K, used 30899K [0x0000000083200000, 0x0000000100000000)
  region size 1024K, 1 young (1024K), 1 survivors (1024K)
 Metaspace       used 25136K, committed 25344K, reserved 1073152K
  class space    used 2703K, committed 2816K, reserved 1048576K
}

